#
# There is insufficient memory for the Java Runtime Environment to continue.
# Native memory allocation (mmap) failed to map 100663296 bytes for Failed to commit area from 0x00000000a1c00000 to 0x00000000a7c00000 of length 100663296.
# Possible reasons:
#   The system is out of physical RAM or swap space
#   The process is running with CompressedOops enabled, and the Java Heap may be blocking the growth of the native heap
# Possible solutions:
#   Reduce memory load on the system
#   Increase physical memory or swap space
#   Check if swap backing store is full
#   Decrease Java heap size (-Xmx/-Xms)
#   Decrease number of Java threads
#   Decrease Java thread stack sizes (-Xss)
#   Set larger code cache with -XX:ReservedCodeCacheSize=
# This output file may be truncated or incomplete.
#
#  Out of Memory Error (./src/hotspot/os/windows/os_windows.cpp:3521), pid=14368, tid=24208
#
# JRE version:  (11.0.12+7) (build )
# Java VM: OpenJDK 64-Bit Server VM (11.0.12+7-b1504.28-7817840, mixed mode, sharing, tiered, compressed oops, g1 gc, windows-amd64)
# No core dump will be written. Minidumps are not enabled by default on client versions of Windows
#

---------------  S U M M A R Y ------------

Command Line: 

Host: AMD Ryzen 5 3500U with Radeon Vega Mobile Gfx  , 8 cores, 5G,  Windows 10 , 64 bit Build 22000 (10.0.22000.708)
Time: Sat Sep  3 00:43:10 2022 India Standard Time elapsed time: 0.044768 seconds (0d 0h 0m 0s)

---------------  T H R E A D  ---------------

Current thread (0x000001d12557c000):  JavaThread "Unknown thread" [_thread_in_vm, id=24208, stack(0x0000007618300000,0x0000007618400000)]

Stack: [0x0000007618300000,0x0000007618400000]
Native frames: (J=compiled Java code, j=interpreted, Vv=VM code, C=native code)
V  [jvm.dll+0x5fbcea]
V  [jvm.dll+0x731905]
V  [jvm.dll+0x732f1d]
V  [jvm.dll+0x7335d3]
V  [jvm.dll+0x247bf8]
V  [jvm.dll+0x5f90b4]
V  [jvm.dll+0x5edc85]
V  [jvm.dll+0x305aeb]
V  [jvm.dll+0x305a5a]
V  [jvm.dll+0x305932]
V  [jvm.dll+0x30a896]
V  [jvm.dll+0x353803]
V  [jvm.dll+0x353f06]
V  [jvm.dll+0x353903]
V  [jvm.dll+0x2e0678]
V  [jvm.dll+0x2e1827]
V  [jvm.dll+0x710037]
V  [jvm.dll+0x71182c]
V  [jvm.dll+0x360da9]
V  [jvm.dll+0x6f390e]
V  [jvm.dll+0x3c9723]
V  [jvm.dll+0x3cb9b1]
C  [jli.dll+0x536b]
C  [ucrtbase.dll+0x26c0c]
C  [KERNEL32.DLL+0x154e0]
C  [ntdll.dll+0x485b]


---------------  P R O C E S S  ---------------

Threads class SMR info:
_java_thread_list=0x000001d123401870, length=0, elements={
}

Java Threads: ( => current thread )

Other Threads:
  0x000001d125592800 GCTaskThread "GC Thread#0" [stack: 0x0000007618400000,0x0000007618500000] [id=9136]
  0x000001d1255b9000 ConcurrentGCThread "G1 Main Marker" [stack: 0x0000007618500000,0x0000007618600000] [id=31420]
  0x000001d1255bb000 ConcurrentGCThread "G1 Conc#0" [stack: 0x0000007618600000,0x0000007618700000] [id=13400]

[error occurred during error reporting (printing all threads), id 0xc0000005, EXCEPTION_ACCESS_VIOLATION (0xc0000005) at pc=0x00007ff906640be7]

VM state:not at safepoint (not fully initialized)

VM Mutex/Monitor currently owned by a thread:  ([mutex/lock_event])
[0x000001d125577f90] Heap_lock - owner thread: 0x000001d12557c000

Heap address: 0x00000000a1c00000, size: 1508 MB, Compressed Oops mode: Non-zero based: 0x00000000a1c00000
Narrow klass base: 0x0000000000000000, Narrow klass shift: 0

GC Heap History (0 events):
No events

Deoptimization events (0 events):
No events

Classes redefined (0 events):
No events

Internal exceptions (0 events):
No events

Events (1 events):
Event: 0.029 Loaded shared library C:\Program Files\Android\Android Studio\jre\bin\zip.dll


Dynamic libraries:
0x00007ff72abe0000 - 0x00007ff72abea000 	C:\Program Files\Android\Android Studio\jre\bin\java.EXE
0x00007ff9df800000 - 0x00007ff9dfa09000 	C:\WINDOWS\SYSTEM32\ntdll.dll
0x00007ff9de0e0000 - 0x00007ff9de19d000 	C:\WINDOWS\System32\KERNEL32.DLL
0x00007ff9dcd60000 - 0x00007ff9dd0dd000 	C:\WINDOWS\System32\KERNELBASE.dll
0x00007ff9dd2b0000 - 0x00007ff9dd3c1000 	C:\WINDOWS\System32\ucrtbase.dll
0x00007ff9cc670000 - 0x00007ff9cc687000 	C:\Program Files\Android\Android Studio\jre\bin\VCRUNTIME140.dll
0x00007ff9c6950000 - 0x00007ff9c6969000 	C:\Program Files\Android\Android Studio\jre\bin\jli.dll
0x00007ff9de6f0000 - 0x00007ff9de89d000 	C:\WINDOWS\System32\USER32.dll
0x00007ff9dd540000 - 0x00007ff9dd566000 	C:\WINDOWS\System32\win32u.dll
0x00007ff9c8b90000 - 0x00007ff9c8e35000 	C:\WINDOWS\WinSxS\amd64_microsoft.windows.common-controls_6595b64144ccf1df_6.0.22000.120_none_9d947278b86cc467\COMCTL32.dll
0x00007ff9ded60000 - 0x00007ff9ded89000 	C:\WINDOWS\System32\GDI32.dll
0x00007ff9dd570000 - 0x00007ff9dd688000 	C:\WINDOWS\System32\gdi32full.dll
0x00007ff9dd0e0000 - 0x00007ff9dd17d000 	C:\WINDOWS\System32\msvcp_win.dll
0x00007ff9df710000 - 0x00007ff9df7b3000 	C:\WINDOWS\System32\msvcrt.dll
0x00007ff9deca0000 - 0x00007ff9decd1000 	C:\WINDOWS\System32\IMM32.DLL
0x00007ff9bfbe0000 - 0x00007ff9bfc7d000 	C:\Program Files\Android\Android Studio\jre\bin\msvcp140.dll
0x00007ff906350000 - 0x00007ff906e35000 	C:\Program Files\Android\Android Studio\jre\bin\server\jvm.dll
0x00007ff9de030000 - 0x00007ff9de0de000 	C:\WINDOWS\System32\ADVAPI32.dll
0x00007ff9ddeb0000 - 0x00007ff9ddf4e000 	C:\WINDOWS\System32\sechost.dll
0x00007ff9de950000 - 0x00007ff9dea70000 	C:\WINDOWS\System32\RPCRT4.dll
0x00007ff9dece0000 - 0x00007ff9dece8000 	C:\WINDOWS\System32\PSAPI.DLL
0x00007ff9d5aa0000 - 0x00007ff9d5aaa000 	C:\WINDOWS\SYSTEM32\VERSION.dll
0x00007ff9d5ad0000 - 0x00007ff9d5b03000 	C:\WINDOWS\SYSTEM32\WINMM.dll
0x00007ff9ca5e0000 - 0x00007ff9ca5e9000 	C:\WINDOWS\SYSTEM32\WSOCK32.dll
0x00007ff9df140000 - 0x00007ff9df1af000 	C:\WINDOWS\System32\ws2_32.DLL
0x00007ff9dbde0000 - 0x00007ff9dbdf8000 	C:\WINDOWS\SYSTEM32\kernel.appcore.dll
0x00007ff9cc690000 - 0x00007ff9cc6a1000 	C:\Program Files\Android\Android Studio\jre\bin\verify.dll
0x00007ff9d0bf0000 - 0x00007ff9d0e11000 	C:\WINDOWS\SYSTEM32\DBGHELP.DLL
0x00007ff9b1320000 - 0x00007ff9b1351000 	C:\WINDOWS\SYSTEM32\dbgcore.DLL
0x00007ff9dcce0000 - 0x00007ff9dcd5f000 	C:\WINDOWS\System32\bcryptPrimitives.dll
0x00007ff9aa7d0000 - 0x00007ff9aa7f9000 	C:\Program Files\Android\Android Studio\jre\bin\java.dll
0x00007ff9ca950000 - 0x00007ff9ca95b000 	C:\Program Files\Android\Android Studio\jre\bin\jimage.dll
0x00007ff9aaa90000 - 0x00007ff9aaaa8000 	C:\Program Files\Android\Android Studio\jre\bin\zip.dll

dbghelp: loaded successfully - version: 4.0.5 - missing functions: none
symbol engine: initialized successfully - sym options: 0x614 - pdb path: .;C:\Program Files\Android\Android Studio\jre\bin;C:\WINDOWS\SYSTEM32;C:\WINDOWS\WinSxS\amd64_microsoft.windows.common-controls_6595b64144ccf1df_6.0.22000.120_none_9d947278b86cc467;C:\Program Files\Android\Android Studio\jre\bin\server

VM Arguments:
java_command: <unknown>
java_class_path (initial): <not set>
Launcher Type: SUN_STANDARD

[Global flags]
     intx CICompilerCount                          = 4                                         {product} {ergonomic}
     uint ConcGCThreads                            = 2                                         {product} {ergonomic}
     uint G1ConcRefinementThreads                  = 8                                         {product} {ergonomic}
   size_t G1HeapRegionSize                         = 1048576                                   {product} {ergonomic}
    uintx GCDrainStackTargetSize                   = 64                                        {product} {ergonomic}
   size_t InitialHeapSize                          = 100663296                                 {product} {ergonomic}
   size_t MarkStackSize                            = 4194304                                   {product} {ergonomic}
   size_t MaxHeapSize                              = 1581252608                                {product} {ergonomic}
   size_t MinHeapDeltaBytes                        = 1048576                                   {product} {ergonomic}
    uintx NonNMethodCodeHeapSize                   = 5836300                                {pd product} {ergonomic}
    uintx NonProfiledCodeHeapSize                  = 122910970                              {pd product} {ergonomic}
    uintx ProfiledCodeHeapSize                     = 122910970                              {pd product} {ergonomic}
    uintx ReservedCodeCacheSize                    = 251658240                              {pd product} {ergonomic}
     bool SegmentedCodeCache                       = true                                      {product} {ergonomic}
     bool UseCompressedClassPointers               = true                                 {lp64_product} {ergonomic}
     bool UseCompressedOops                        = true                                 {lp64_product} {ergonomic}
     bool UseG1GC                                  = true                                      {product} {ergonomic}
     bool UseLargePagesIndividualAllocation        = false                                  {pd product} {ergonomic}

Logging:
Log output configuration:
 #0: stdout all=warning uptime,level,tags
 #1: stderr all=off uptime,level,tags

Environment Variables:
PATH=C:\Program Files\Common Files\Oracle\Java\javapath;C:\WINDOWS\system32;C:\WINDOWS;C:\WINDOWS\System32\Wbem;C:\WINDOWS\System32\WindowsPowerShell\v1.0\;C:\WINDOWS\System32\OpenSSH\;C:\Program Files\nodejs\;C:\Program Files\Git\cmd;C:\Program Files\dotnet\;C:\Program Files\Microsoft SQL Server\130\Tools\Binn\;C:\Program Files\Microsoft SQL Server\Client SDK\ODBC\170\Tools\Binn\;C:\Users\91986\AppData\Local\Microsoft\WindowsApps;C:\Users\91986\AppData\Local\Programs\Microsoft VS Code\bin;C:\Program Files (x86)\mingw-w64\i686-8.1.0-posix-dwarf-rt_v6-rev0\mingw32\bin;C:\Users\91986\AppData\Roaming\npm;C:\Users\91986\Desktop\Flutter\flutter;C:\Users\91986\.dotnet\tools;C:\source\flutter\bin;C:\Users\91986\AppData\Local\Microsoft\WindowsApps;C:\Program Files\MongoDB\Server\6.0\bin;
USERNAME=91986
OS=Windows_NT
PROCESSOR_IDENTIFIER=AMD64 Family 23 Model 24 Stepping 1, AuthenticAMD



---------------  S Y S T E M  ---------------

OS: Windows 10 , 64 bit Build 22000 (10.0.22000.708)
OS uptime: 4 days 0:50 hours

CPU:total 8 (initial active 8) (8 cores per cpu, 2 threads per core) family 23 model 24 stepping 1 microcode 0x0, cmov, cx8, fxsr, mmx, sse, sse2, sse3, ssse3, sse4.1, sse4.2, popcnt, avx, avx2, aes, clmul, mmxext, 3dnowpref, lzcnt, sse4a, ht, tsc, tscinvbit, tscinv, bmi1, bmi2, adx, sha, fma

Memory: 4k page, system-wide physical 6030M (124M free)
TotalPageFile size 24462M (AvailPageFile size 80M)
current process WorkingSet (physical memory assigned to process): 9M, peak: 9M
current process commit charge ("private bytes"): 59M, peak: 155M

vm_info: OpenJDK 64-Bit Server VM (11.0.12+7-b1504.28-7817840) for windows-amd64 JRE (11.0.12+7-b1504.28-7817840), built on Oct 13 2021 22:12:33 by "builder" with MS VC++ 14.0 (VS2015)

END.
